[debug] [2021-08-11T17:42:06.710Z] ----------------------------------------------------------------------
[debug] [2021-08-11T17:42:06.712Z] Command:       C:\Program Files\nodejs\node.exe C:\Users\a-khudam\AppData\Roaming\npm\node_modules\firebase-tools\lib\bin\firebase.js init
[debug] [2021-08-11T17:42:06.712Z] CLI Version:   9.16.0
[debug] [2021-08-11T17:42:06.713Z] Platform:      win32
[debug] [2021-08-11T17:42:06.713Z] Node Version:  v12.18.3
[debug] [2021-08-11T17:42:06.715Z] Time:          Wed Aug 11 2021 13:42:06 GMT-0400 (Eastern Daylight Time)
[debug] [2021-08-11T17:42:06.715Z] ----------------------------------------------------------------------
[debug] 
[debug] [2021-08-11T17:42:06.719Z] >>> [apiv2][query] GET https://firebase-public.firebaseio.com/cli.json [none]
[debug] [2021-08-11T17:42:06.790Z] > command requires scopes: ["email","openid","https://www.googleapis.com/auth/cloudplatformprojects.readonly","https://www.googleapis.com/auth/firebase","https://www.googleapis.com/auth/cloud-platform"]
[debug] [2021-08-11T17:42:06.790Z] > authorizing via signed-in user (kiatbrooklyn@gmail.com)
[info] 
     ######## #### ########  ######## ########     ###     ######  ########
     ##        ##  ##     ## ##       ##     ##  ##   ##  ##       ##
     ######    ##  ########  ######   ########  #########  ######  ######
     ##        ##  ##    ##  ##       ##     ## ##     ##       ## ##
     ##       #### ##     ## ######## ########  ##     ##  ######  ########

You're about to initialize a Firebase project in this directory:

  C:\Users\a-khudam\Documents\proklubz

Before we get started, keep in mind:

  * You are initializing within an existing Firebase project directory

[debug] [2021-08-11T17:42:06.938Z] <<< [apiv2][status] GET https://firebase-public.firebaseio.com/cli.json 200
[debug] [2021-08-11T17:42:06.939Z] <<< [apiv2][body] GET https://firebase-public.firebaseio.com/cli.json {"cloudBuildErrorAfter":1594252800000,"cloudBuildWarnAfter":1590019200000,"defaultNode10After":1594252800000,"minVersion":"3.0.5","node8DeploysDisabledAfter":1613390400000,"node8RuntimeDisabledAfter":1615809600000,"node8WarnAfter":1600128000000}
